  arraysize.c
C:\Users\Jong\source\repos\Ch09\Prj13\arraysize.c(8,9): warning C4477: 'printf' : 서식 문자열 '%d'에 'int' 형식의 인수가 필요하지만 variadic 인수 1의 형식이 'size_t'입니다.
C:\Users\Jong\source\repos\Ch09\Prj13\arraysize.c(8,9): message : 서식 문자열에서 '%zd'을(를) 사용하는 것이 좋습니다.
C:\Users\Jong\source\repos\Ch09\Prj13\arraysize.c(8,9): warning C4477: 'printf' : 서식 문자열 '%d'에 'int' 형식의 인수가 필요하지만 variadic 인수 2의 형식이 'size_t'입니다.
C:\Users\Jong\source\repos\Ch09\Prj13\arraysize.c(8,9): message : 서식 문자열에서 '%zd'을(를) 사용하는 것이 좋습니다.
C:\Users\Jong\source\repos\Ch09\Prj13\arraysize.c(9,9): warning C4477: 'printf' : 서식 문자열 '%d'에 'int' 형식의 인수가 필요하지만 variadic 인수 1의 형식이 'unsigned __int64'입니다.
C:\Users\Jong\source\repos\Ch09\Prj13\arraysize.c(9,9): message : 서식 문자열에서 '%lld'을(를) 사용하는 것이 좋습니다.
C:\Users\Jong\source\repos\Ch09\Prj13\arraysize.c(9,9): message : 서식 문자열에서 '%Id'을(를) 사용하는 것이 좋습니다.
C:\Users\Jong\source\repos\Ch09\Prj13\arraysize.c(9,9): message : 서식 문자열에서 '%I64d'을(를) 사용하는 것이 좋습니다.
C:\Users\Jong\source\repos\Ch09\Prj13\arraysize.c(14,9): warning C4477: 'printf' : 서식 문자열 '%d'에 'int' 형식의 인수가 필요하지만 variadic 인수 1의 형식이 'size_t'입니다.
C:\Users\Jong\source\repos\Ch09\Prj13\arraysize.c(14,9): message : 서식 문자열에서 '%zd'을(를) 사용하는 것이 좋습니다.
C:\Users\Jong\source\repos\Ch09\Prj13\arraysize.c(14,9): warning C4477: 'printf' : 서식 문자열 '%d'에 'int' 형식의 인수가 필요하지만 variadic 인수 2의 형식이 'size_t'입니다.
C:\Users\Jong\source\repos\Ch09\Prj13\arraysize.c(14,9): message : 서식 문자열에서 '%zd'을(를) 사용하는 것이 좋습니다.
C:\Users\Jong\source\repos\Ch09\Prj13\arraysize.c(14,9): warning C4477: 'printf' : 서식 문자열 '%d'에 'int' 형식의 인수가 필요하지만 variadic 인수 3의 형식이 'size_t'입니다.
C:\Users\Jong\source\repos\Ch09\Prj13\arraysize.c(14,9): message : 서식 문자열에서 '%zd'을(를) 사용하는 것이 좋습니다.
C:\Users\Jong\source\repos\Ch09\Prj13\arraysize.c(14,62): warning C4474: 'printf' : 서식 문자열에 전달된 인수가 너무 많습니다.
C:\Users\Jong\source\repos\Ch09\Prj13\arraysize.c(14,62): message : 자리 표시자 및 해당 매개 변수에는 variadic 인수가 3개 필요하지만 4개가 제공되었습니다.
C:\Users\Jong\source\repos\Ch09\Prj13\arraysize.c(18,9): warning C4477: 'printf' : 서식 문자열 '%d'에 'int' 형식의 인수가 필요하지만 variadic 인수 1의 형식이 'unsigned __int64'입니다.
C:\Users\Jong\source\repos\Ch09\Prj13\arraysize.c(18,9): message : 서식 문자열에서 '%lld'을(를) 사용하는 것이 좋습니다.
C:\Users\Jong\source\repos\Ch09\Prj13\arraysize.c(18,9): message : 서식 문자열에서 '%Id'을(를) 사용하는 것이 좋습니다.
C:\Users\Jong\source\repos\Ch09\Prj13\arraysize.c(18,9): message : 서식 문자열에서 '%I64d'을(를) 사용하는 것이 좋습니다.
  Prj13.vcxproj -> C:\Users\Jong\source\repos\Ch09\x64\Debug\Prj13.exe
